c:\stuff\lab1\ecse420\lab0\lab0\x64\debug\vc142.pdb
c:\stuff\lab1\ecse420\lab0\lab0\x64\debug\vc142.idb
c:\stuff\lab1\ecse420\lab0\lab0\x64\debug\lodepng.obj
c:\stuff\lab1\ecse420\lab0\lab0\x64\debug\lab0.lib
c:\stuff\lab1\ecse420\lab0\lab0\x64\debug\lab0.exp
c:\stuff\lab1\ecse420\lab0\lab0\x64\debug\lab0.ilk
c:\stuff\lab1\ecse420\lab0\lab0\x64\debug\lab0.exe
c:\stuff\lab1\ecse420\lab0\lab0\x64\debug\lab0.pdb
c:\420\ecse420\lab0\lab0\x64\debug\kernel.cu.cache
c:\420\ecse420\lab0\lab0\x64\debug\kernel.cu.obj
c:\420\ecse420\lab0\lab0\x64\debug\lodepng.obj
c:\420\ecse420\lab0\lab0\x64\debug\lab0.ilk
c:\420\ecse420\lab0\lab0\x64\debug\test_images.ilk
c:\420\ecse420\lab0\lab0\x64\debug\lab0.exp
c:\420\ecse420\lab0\lab0\x64\debug\vc142.idb
c:\420\ecse420\lab0\lab0\x64\debug\lab0.pdb
c:\420\ecse420\lab0\lab0\x64\debug\test_images.pdb
c:\420\ecse420\lab0\lab0\x64\debug\vc142.pdb
c:\420\ecse420\lab0\lab0\x64\debug\lab0.exe
c:\420\ecse420\lab0\lab0\x64\debug\lab0.tlog\cl.command.1.tlog
c:\420\ecse420\lab0\lab0\x64\debug\lab0.tlog\cl.read.1.tlog
c:\420\ecse420\lab0\lab0\x64\debug\lab0.tlog\cl.write.1.tlog
c:\420\ecse420\lab0\lab0\x64\debug\lab0.tlog\cudacompile.read.1u.tlog
c:\420\ecse420\lab0\lab0\x64\debug\lab0.tlog\cudacompile.write.1u.tlog
c:\420\ecse420\lab0\lab0\x64\debug\lab0.tlog\lab0.write.1u.tlog
c:\420\ecse420\lab0\lab0\x64\debug\lab0.tlog\link.command.1.tlog
c:\420\ecse420\lab0\lab0\x64\debug\lab0.tlog\link.read.1.tlog
c:\420\ecse420\lab0\lab0\x64\debug\lab0.tlog\link.write.1.tlog
